<?xml version="1.0" encoding="UTF-8"?>
<testng-results ignored="0" total="4" passed="4" failed="0" skipped="0">
  <reporter-output>
  </reporter-output>
  <suite started-at="2024-03-20T10:22:02 IST" name="Suite" finished-at="2024-03-20T10:25:09 IST" duration-ms="187583">
    <groups>
      <group name="cucumber">
        <method signature="AbstractTestNGCucumberTests.runScenario(io.cucumber.testng.PickleWrapper,io.cucumber.testng.FeatureWrapper)[pri:0, instance:Execution.Runner@1caa0244]" name="runScenario" class="io.cucumber.testng.AbstractTestNGCucumberTests"/>
      </group> <!-- cucumber -->
    </groups>
    <test started-at="2024-03-20T10:22:02 IST" name="Test" finished-at="2024-03-20T10:25:09 IST" duration-ms="187583">
      <class name="Execution.Runner">
        <test-method is-config="true" signature="setUpClass(org.testng.ITestContext)[pri:0, instance:Execution.Runner@1caa0244]" started-at="2024-03-20T10:22:02 IST" name="setUpClass" finished-at="2024-03-20T10:22:06 IST" duration-ms="4263" status="PASS">
          <params>
            <param index="0">
              <value>
                <![CDATA[org.testng.TestRunner@5e1a7d3]]>
              </value>
            </param>
          </params>
          <reporter-output>
          </reporter-output>
        </test-method> <!-- setUpClass -->
        <test-method signature="runScenario(io.cucumber.testng.PickleWrapper,io.cucumber.testng.FeatureWrapper)[pri:0, instance:Execution.Runner@1caa0244]" started-at="2024-03-20T10:22:06 IST" name="runScenario" description="Runs Cucumber Scenarios" data-provider="scenarios" finished-at="2024-03-20T10:22:11 IST" duration-ms="4774" status="PASS">
          <params>
            <param index="0">
              <value>
                <![CDATA["Verify Logo of the Amazon Application"]]>
              </value>
            </param>
            <param index="1">
              <value>
                <![CDATA["Verify Amazon Application"]]>
              </value>
            </param>
          </params>
          <reporter-output>
          </reporter-output>
        </test-method> <!-- runScenario -->
        <test-method signature="runScenario(io.cucumber.testng.PickleWrapper,io.cucumber.testng.FeatureWrapper)[pri:0, instance:Execution.Runner@1caa0244]" started-at="2024-03-20T10:22:11 IST" name="runScenario" description="Runs Cucumber Scenarios" data-provider="scenarios" finished-at="2024-03-20T10:23:26 IST" duration-ms="75304" status="PASS">
          <params>
            <param index="0">
              <value>
                <![CDATA["Verify Iphone Logo"]]>
              </value>
            </param>
            <param index="1">
              <value>
                <![CDATA["Verify Amazon Application"]]>
              </value>
            </param>
          </params>
          <reporter-output>
          </reporter-output>
        </test-method> <!-- runScenario -->
        <test-method signature="runScenario(io.cucumber.testng.PickleWrapper,io.cucumber.testng.FeatureWrapper)[pri:0, instance:Execution.Runner@1caa0244]" started-at="2024-03-20T10:23:26 IST" name="runScenario" description="Runs Cucumber Scenarios" data-provider="scenarios" finished-at="2024-03-20T10:23:57 IST" duration-ms="31213" status="PASS">
          <params>
            <param index="0">
              <value>
                <![CDATA["Verify Headphones Carousel"]]>
              </value>
            </param>
            <param index="1">
              <value>
                <![CDATA["Verify Amazon Application"]]>
              </value>
            </param>
          </params>
          <reporter-output>
          </reporter-output>
        </test-method> <!-- runScenario -->
        <test-method signature="runScenario(io.cucumber.testng.PickleWrapper,io.cucumber.testng.FeatureWrapper)[pri:0, instance:Execution.Runner@1caa0244]" started-at="2024-03-20T10:23:57 IST" name="runScenario" description="Runs Cucumber Scenarios" data-provider="scenarios" finished-at="2024-03-20T10:24:58 IST" duration-ms="60501" status="PASS">
          <params>
            <param index="0">
              <value>
                <![CDATA["Verify Add to Cart Functionality"]]>
              </value>
            </param>
            <param index="1">
              <value>
                <![CDATA["Verify Amazon Application"]]>
              </value>
            </param>
          </params>
          <reporter-output>
          </reporter-output>
        </test-method> <!-- runScenario -->
        <test-method is-config="true" signature="tearDownClass()[pri:0, instance:Execution.Runner@1caa0244]" started-at="2024-03-20T10:24:58 IST" name="tearDownClass" finished-at="2024-03-20T10:25:09 IST" duration-ms="11481" status="PASS">
          <reporter-output>
          </reporter-output>
        </test-method> <!-- tearDownClass -->
      </class> <!-- Execution.Runner -->
    </test> <!-- Test -->
  </suite> <!-- Suite -->
</testng-results>
