<?xml version="1.0" encoding="UTF-8"?>
<testng-results ignored="0" total="4" passed="4" failed="0" skipped="0">
  <reporter-output>
  </reporter-output>
  <suite started-at="2024-03-20T10:32:20 IST" name="Default suite" finished-at="2024-03-20T10:35:10 IST" duration-ms="169636">
    <groups>
      <group name="cucumber">
        <method signature="AbstractTestNGCucumberTests.runScenario(io.cucumber.testng.PickleWrapper,io.cucumber.testng.FeatureWrapper)[pri:0, instance:Execution.Runner@7c37508a]" name="runScenario" class="io.cucumber.testng.AbstractTestNGCucumberTests"/>
      </group> <!-- cucumber -->
    </groups>
    <test started-at="2024-03-20T10:32:20 IST" name="Default test" finished-at="2024-03-20T10:35:10 IST" duration-ms="169636">
      <class name="Execution.Runner">
        <test-method is-config="true" signature="setUpClass(org.testng.ITestContext)[pri:0, instance:Execution.Runner@7c37508a]" started-at="2024-03-20T10:32:20 IST" name="setUpClass" finished-at="2024-03-20T10:32:24 IST" duration-ms="4169" status="PASS">
          <params>
            <param index="0">
              <value>
                <![CDATA[org.testng.TestRunner@20556566]]>
              </value>
            </param>
          </params>
          <reporter-output>
          </reporter-output>
        </test-method> <!-- setUpClass -->
        <test-method signature="runScenario(io.cucumber.testng.PickleWrapper,io.cucumber.testng.FeatureWrapper)[pri:0, instance:Execution.Runner@7c37508a]" started-at="2024-03-20T10:32:24 IST" name="runScenario" description="Runs Cucumber Scenarios" data-provider="scenarios" finished-at="2024-03-20T10:32:36 IST" duration-ms="12186" status="PASS">
          <params>
            <param index="0">
              <value>
                <![CDATA["Verify Logo of the Amazon Application"]]>
              </value>
            </param>
            <param index="1">
              <value>
                <![CDATA["Verify Amazon Application"]]>
              </value>
            </param>
          </params>
          <reporter-output>
          </reporter-output>
        </test-method> <!-- runScenario -->
        <test-method signature="runScenario(io.cucumber.testng.PickleWrapper,io.cucumber.testng.FeatureWrapper)[pri:0, instance:Execution.Runner@7c37508a]" started-at="2024-03-20T10:32:36 IST" name="runScenario" description="Runs Cucumber Scenarios" data-provider="scenarios" finished-at="2024-03-20T10:33:20 IST" duration-ms="43268" status="PASS">
          <params>
            <param index="0">
              <value>
                <![CDATA["Verify Iphone Logo"]]>
              </value>
            </param>
            <param index="1">
              <value>
                <![CDATA["Verify Amazon Application"]]>
              </value>
            </param>
          </params>
          <reporter-output>
          </reporter-output>
        </test-method> <!-- runScenario -->
        <test-method signature="runScenario(io.cucumber.testng.PickleWrapper,io.cucumber.testng.FeatureWrapper)[pri:0, instance:Execution.Runner@7c37508a]" started-at="2024-03-20T10:33:20 IST" name="runScenario" description="Runs Cucumber Scenarios" data-provider="scenarios" finished-at="2024-03-20T10:34:04 IST" duration-ms="44761" status="PASS">
          <params>
            <param index="0">
              <value>
                <![CDATA["Verify Headphones Carousel"]]>
              </value>
            </param>
            <param index="1">
              <value>
                <![CDATA["Verify Amazon Application"]]>
              </value>
            </param>
          </params>
          <reporter-output>
          </reporter-output>
        </test-method> <!-- runScenario -->
        <test-method signature="runScenario(io.cucumber.testng.PickleWrapper,io.cucumber.testng.FeatureWrapper)[pri:0, instance:Execution.Runner@7c37508a]" started-at="2024-03-20T10:34:04 IST" name="runScenario" description="Runs Cucumber Scenarios" data-provider="scenarios" finished-at="2024-03-20T10:34:58 IST" duration-ms="53104" status="PASS">
          <params>
            <param index="0">
              <value>
                <![CDATA["Verify Add to Cart Functionality"]]>
              </value>
            </param>
            <param index="1">
              <value>
                <![CDATA["Verify Amazon Application"]]>
              </value>
            </param>
          </params>
          <reporter-output>
          </reporter-output>
        </test-method> <!-- runScenario -->
        <test-method is-config="true" signature="tearDownClass()[pri:0, instance:Execution.Runner@7c37508a]" started-at="2024-03-20T10:34:58 IST" name="tearDownClass" finished-at="2024-03-20T10:35:10 IST" duration-ms="12094" status="PASS">
          <reporter-output>
          </reporter-output>
        </test-method> <!-- tearDownClass -->
      </class> <!-- Execution.Runner -->
    </test> <!-- Default test -->
  </suite> <!-- Default suite -->
</testng-results>
